2023-06-08T03:57:41+00:00 CRITICAL syntax error, unexpected token "<", expecting end of file in C:\xampp\htdocs\mywordpress\wp-content\themes\mywordpress\functions.php on line 294

2023-06-08T03:57:44+00:00 CRITICAL syntax error, unexpected token "<", expecting end of file in C:\xampp\htdocs\mywordpress\wp-content\themes\mywordpress\functions.php on line 294

2023-06-08T05:05:55+00:00 CRITICAL Uncaught Error: Call to a member function have_posts() on array in C:\xampp\htdocs\mywordpress\wp-content\themes\mywordpress\store.php:139
Stack trace:
#0 C:\xampp\htdocs\mywordpress\wp-includes\template-loader.php(106): include()
#1 C:\xampp\htdocs\mywordpress\wp-blog-header.php(19): require_once('C:\\xampp\\htdocs...')
#2 C:\xampp\htdocs\mywordpress\index.php(17): require('C:\\xampp\\htdocs...')
#3 {main}
  thrown in C:\xampp\htdocs\mywordpress\wp-content\themes\mywordpress\store.php on line 139

2023-06-08T05:05:59+00:00 CRITICAL Uncaught Error: Call to a member function have_posts() on array in C:\xampp\htdocs\mywordpress\wp-content\themes\mywordpress\store.php:139
Stack trace:
#0 C:\xampp\htdocs\mywordpress\wp-includes\template-loader.php(106): include()
#1 C:\xampp\htdocs\mywordpress\wp-blog-header.php(19): require_once('C:\\xampp\\htdocs...')
#2 C:\xampp\htdocs\mywordpress\index.php(17): require('C:\\xampp\\htdocs...')
#3 {main}
  thrown in C:\xampp\htdocs\mywordpress\wp-content\themes\mywordpress\store.php on line 139

2023-06-08T05:06:03+00:00 CRITICAL Uncaught Error: Call to a member function have_posts() on array in C:\xampp\htdocs\mywordpress\wp-content\themes\mywordpress\store.php:139
Stack trace:
#0 C:\xampp\htdocs\mywordpress\wp-includes\template-loader.php(106): include()
#1 C:\xampp\htdocs\mywordpress\wp-blog-header.php(19): require_once('C:\\xampp\\htdocs...')
#2 C:\xampp\htdocs\mywordpress\index.php(17): require('C:\\xampp\\htdocs...')
#3 {main}
  thrown in C:\xampp\htdocs\mywordpress\wp-content\themes\mywordpress\store.php on line 139

2023-06-08T05:06:05+00:00 CRITICAL Uncaught Error: Call to a member function have_posts() on array in C:\xampp\htdocs\mywordpress\wp-content\themes\mywordpress\store.php:139
Stack trace:
#0 C:\xampp\htdocs\mywordpress\wp-includes\template-loader.php(106): include()
#1 C:\xampp\htdocs\mywordpress\wp-blog-header.php(19): require_once('C:\\xampp\\htdocs...')
#2 C:\xampp\htdocs\mywordpress\index.php(17): require('C:\\xampp\\htdocs...')
#3 {main}
  thrown in C:\xampp\htdocs\mywordpress\wp-content\themes\mywordpress\store.php on line 139

2023-06-08T05:08:01+00:00 CRITICAL Uncaught Error: Call to a member function have_posts() on array in C:\xampp\htdocs\mywordpress\wp-content\themes\mywordpress\store.php:139
Stack trace:
#0 C:\xampp\htdocs\mywordpress\wp-includes\template-loader.php(106): include()
#1 C:\xampp\htdocs\mywordpress\wp-blog-header.php(19): require_once('C:\\xampp\\htdocs...')
#2 C:\xampp\htdocs\mywordpress\index.php(17): require('C:\\xampp\\htdocs...')
#3 {main}
  thrown in C:\xampp\htdocs\mywordpress\wp-content\themes\mywordpress\store.php on line 139

