2023-04-26T09:51:49+00:00 CRITICAL syntax error, unexpected token "<", expecting end of file in C:\xampp\htdocs\mywordpress\wp-content\themes\mywordpress\functions.php on line 42

2023-04-26T09:51:50+00:00 CRITICAL syntax error, unexpected token "<", expecting end of file in C:\xampp\htdocs\mywordpress\wp-content\themes\mywordpress\functions.php on line 42

2023-04-26T12:32:21+00:00 CRITICAL Uncaught Error: Call to a member function get_cart_contents_count() on null in C:\xampp\htdocs\mywordpress\wp-content\themes\mywordpress\header.php:85
Stack trace:
#0 C:\xampp\htdocs\mywordpress\wp-includes\template.php(783): require_once()
#1 C:\xampp\htdocs\mywordpress\wp-includes\template.php(718): load_template('C:\\xampp\\htdocs...', true, Array)
#2 C:\xampp\htdocs\mywordpress\wp-includes\general-template.php(48): locate_template(Array, true, true, Array)
#3 C:\xampp\htdocs\mywordpress\wp-content\themes\mywordpress\wishlist.php(1): get_header()
#4 C:\xampp\htdocs\mywordpress\wp-content\plugins\yith-woocommerce-wishlist\includes\functions-yith-wcwl.php(170): include('C:\\xampp\\htdocs...')
#5 C:\xampp\htdocs\mywordpress\wp-content\plugins\yith-woocommerce-wishlist\includes\class-yith-wcwl-shortcode.php(623): yith_wcwl_get_template('wishlist.php', Array, true)
#6 C:\xampp\htdocs\mywordpress\wp-includes\shortcodes.php(355): YITH_WCWL_Shortcode::wishlist(Array, '', 'yith_wcwl_wishl...')
#7 [internal function]: do_shortcode_tag(Array)
#8 C:\xampp\htdocs\mywordpress\wp-includes\shortcodes.php(227): preg_replace_callback('/\\[(\\[?)(yith_w...', 'do_shortcode_ta...', '[yith_wcwl_wish...')
#9 C:\xampp\htdocs\mywordpress\wp-includes\class-wp-hook.php(308): do_shortcode('[yith_wcwl_wish...')
#10 C:\xampp\htdocs\mywordpress\wp-includes\plugin.php(205): WP_Hook->apply_filters('[yith_wcwl_wish...', Array)
#11 C:\xampp\htdocs\mywordpress\wp-content\plugins\wordpress-seo\src\builders\indexable-link-builder.php(115): apply_filters('the_content', '<!-- wp:shortco...')
#12 C:\xampp\htdocs\mywordpress\wp-content\plugins\wordpress-seo\src\integrations\watchers\indexable-post-watcher.php(207): Yoast\WP\SEO\Builders\Indexable_Link_Builder->build(Object(Yoast\WP\SEO\Models\Indexable), '<!-- wp:shortco...')
#13 C:\xampp\htdocs\mywordpress\wp-includes\class-wp-hook.php(310): Yoast\WP\SEO\Integrations\Watchers\Indexable_Post_Watcher->build_indexable(182)
#14 C:\xampp\htdocs\mywordpress\wp-includes\class-wp-hook.php(332): WP_Hook->apply_filters(NULL, Array)
#15 C:\xampp\htdocs\mywordpress\wp-includes\plugin.php(517): WP_Hook->do_action(Array)
#16 C:\xampp\htdocs\mywordpress\wp-includes\post.php(4726): do_action('wp_insert_post', 182, Object(WP_Post), false)
#17 C:\xampp\htdocs\mywordpress\wp-content\plugins\woocommerce\includes\admin\wc-admin-functions.php(158): wp_insert_post(Array)
#18 C:\xampp\htdocs\mywordpress\wp-content\plugins\yith-woocommerce-wishlist\includes\class-yith-wcwl-install.php(339): wc_create_page('wishlist', 'yith_wcwl_wishl...', 'Wishlist', '<!-- wp:shortco...')
#19 C:\xampp\htdocs\mywordpress\wp-content\plugins\yith-woocommerce-wishlist\includes\class-yith-wcwl-install.php(97): YITH_WCWL_Install->add_pages()
#20 C:\xampp\htdocs\mywordpress\wp-content\plugins\yith-woocommerce-wishlist\includes\class-yith-wcwl-admin.php(182): YITH_WCWL_Install->init()
#21 C:\xampp\htdocs\mywordpress\wp-includes\class-wp-hook.php(308): YITH_WCWL_Admin->install('')
#22 C:\xampp\htdocs\mywordpress\wp-includes\class-wp-hook.php(332): WP_Hook->apply_filters(NULL, Array)
#23 C:\xampp\htdocs\mywordpress\wp-includes\plugin.php(517): WP_Hook->do_action(Array)
#24 C:\xampp\htdocs\mywordpress\wp-settings.php(623): do_action('init')
#25 C:\xampp\htdocs\mywordpress\wp-config.php(96): require_once('C:\\xampp\\htdocs...')
#26 C:\xampp\htdocs\mywordpress\wp-load.php(50): require_once('C:\\xampp\\htdocs...')
#27 C:\xampp\htdocs\mywordpress\wp-admin\admin.php(34): require_once('C:\\xampp\\htdocs...')
#28 C:\xampp\htdocs\mywordpress\wp-admin\plugins.php(10): require_once('C:\\xampp\\htdocs...')
#29 {main}
  thrown in C:\xampp\htdocs\mywordpress\wp-content\themes\mywordpress\header.php on line 85

2023-04-26T12:35:31+00:00 CRITICAL Uncaught Error: Call to a member function get_cart_contents_count() on null in C:\xampp\htdocs\mywordpress\wp-content\themes\mywordpress\header.php:85
Stack trace:
#0 C:\xampp\htdocs\mywordpress\wp-includes\template.php(783): require_once()
#1 C:\xampp\htdocs\mywordpress\wp-includes\template.php(718): load_template('C:\\xampp\\htdocs...', true, Array)
#2 C:\xampp\htdocs\mywordpress\wp-includes\general-template.php(48): locate_template(Array, true, true, Array)
#3 C:\xampp\htdocs\mywordpress\wp-content\themes\mywordpress\wishlist.php(1): get_header()
#4 C:\xampp\htdocs\mywordpress\wp-content\plugins\yith-woocommerce-wishlist\includes\functions-yith-wcwl.php(170): include('C:\\xampp\\htdocs...')
#5 C:\xampp\htdocs\mywordpress\wp-content\plugins\yith-woocommerce-wishlist\includes\class-yith-wcwl-shortcode.php(623): yith_wcwl_get_template('wishlist.php', Array, true)
#6 C:\xampp\htdocs\mywordpress\wp-includes\shortcodes.php(355): YITH_WCWL_Shortcode::wishlist(Array, '', 'yith_wcwl_wishl...')
#7 [internal function]: do_shortcode_tag(Array)
#8 C:\xampp\htdocs\mywordpress\wp-includes\shortcodes.php(227): preg_replace_callback('/\\[(\\[?)(yith_w...', 'do_shortcode_ta...', '[yith_wcwl_wish...')
#9 C:\xampp\htdocs\mywordpress\wp-includes\class-wp-hook.php(308): do_shortcode('[yith_wcwl_wish...')
#10 C:\xampp\htdocs\mywordpress\wp-includes\plugin.php(205): WP_Hook->apply_filters('[yith_wcwl_wish...', Array)
#11 C:\xampp\htdocs\mywordpress\wp-includes\rest-api\endpoints\class-wp-rest-posts-controller.php(1860): apply_filters('the_content', '<!-- wp:shortco...')
#12 C:\xampp\htdocs\mywordpress\wp-includes\rest-api\endpoints\class-wp-rest-posts-controller.php(569): WP_REST_Posts_Controller->prepare_item_for_response(Object(WP_Post), Object(WP_REST_Request))
#13 C:\xampp\htdocs\mywordpress\wp-includes\rest-api\class-wp-rest-server.php(1181): WP_REST_Posts_Controller->get_item(Object(WP_REST_Request))
#14 C:\xampp\htdocs\mywordpress\wp-includes\rest-api\class-wp-rest-server.php(1028): WP_REST_Server->respond_to_request(Object(WP_REST_Request), '/wp/v2/pages/(?...', Array, NULL)
#15 C:\xampp\htdocs\mywordpress\wp-includes\rest-api.php(535): WP_REST_Server->dispatch(Object(WP_REST_Request))
#16 C:\xampp\htdocs\mywordpress\wp-includes\rest-api.php(2889): rest_do_request(Object(WP_REST_Request))
#17 [internal function]: rest_preload_api_request(Array, '/wp/v2/pages/18...')
#18 C:\xampp\htdocs\mywordpress\wp-includes\block-editor.php(631): array_reduce(Array, 'rest_preload_ap...', Array)
#19 C:\xampp\htdocs\mywordpress\wp-admin\edit-form-blocks.php(77): block_editor_rest_api_preload(Array, Object(WP_Block_Editor_Context))
#20 C:\xampp\htdocs\mywordpress\wp-admin\post.php(187): require('C:\\xampp\\htdocs...')
#21 {main}
  thrown in C:\xampp\htdocs\mywordpress\wp-content\themes\mywordpress\header.php on line 85

2023-04-26T12:36:51+00:00 CRITICAL Uncaught Error: Call to a member function get_cart_contents_count() on null in C:\xampp\htdocs\mywordpress\wp-content\themes\mywordpress\header.php:85
Stack trace:
#0 C:\xampp\htdocs\mywordpress\wp-includes\template.php(783): require_once()
#1 C:\xampp\htdocs\mywordpress\wp-includes\template.php(718): load_template('C:\\xampp\\htdocs...', true, Array)
#2 C:\xampp\htdocs\mywordpress\wp-includes\general-template.php(48): locate_template(Array, true, true, Array)
#3 C:\xampp\htdocs\mywordpress\wp-content\themes\mywordpress\wishlist.php(1): get_header()
#4 C:\xampp\htdocs\mywordpress\wp-content\plugins\yith-woocommerce-wishlist\includes\functions-yith-wcwl.php(170): include('C:\\xampp\\htdocs...')
#5 C:\xampp\htdocs\mywordpress\wp-content\plugins\yith-woocommerce-wishlist\includes\class-yith-wcwl-shortcode.php(623): yith_wcwl_get_template('wishlist.php', Array, true)
#6 C:\xampp\htdocs\mywordpress\wp-includes\shortcodes.php(355): YITH_WCWL_Shortcode::wishlist(Array, '', 'yith_wcwl_wishl...')
#7 [internal function]: do_shortcode_tag(Array)
#8 C:\xampp\htdocs\mywordpress\wp-includes\shortcodes.php(227): preg_replace_callback('/\\[(\\[?)(yith_w...', 'do_shortcode_ta...', '[yith_wcwl_wish...')
#9 C:\xampp\htdocs\mywordpress\wp-includes\class-wp-hook.php(308): do_shortcode('[yith_wcwl_wish...')
#10 C:\xampp\htdocs\mywordpress\wp-includes\plugin.php(205): WP_Hook->apply_filters('[yith_wcwl_wish...', Array)
#11 C:\xampp\htdocs\mywordpress\wp-includes\rest-api\endpoints\class-wp-rest-posts-controller.php(1860): apply_filters('the_content', '<!-- wp:shortco...')
#12 C:\xampp\htdocs\mywordpress\wp-includes\rest-api\endpoints\class-wp-rest-posts-controller.php(569): WP_REST_Posts_Controller->prepare_item_for_response(Object(WP_Post), Object(WP_REST_Request))
#13 C:\xampp\htdocs\mywordpress\wp-includes\rest-api\class-wp-rest-server.php(1181): WP_REST_Posts_Controller->get_item(Object(WP_REST_Request))
#14 C:\xampp\htdocs\mywordpress\wp-includes\rest-api\class-wp-rest-server.php(1028): WP_REST_Server->respond_to_request(Object(WP_REST_Request), '/wp/v2/pages/(?...', Array, NULL)
#15 C:\xampp\htdocs\mywordpress\wp-includes\rest-api.php(535): WP_REST_Server->dispatch(Object(WP_REST_Request))
#16 C:\xampp\htdocs\mywordpress\wp-includes\rest-api.php(2889): rest_do_request(Object(WP_REST_Request))
#17 [internal function]: rest_preload_api_request(Array, '/wp/v2/pages/18...')
#18 C:\xampp\htdocs\mywordpress\wp-includes\block-editor.php(631): array_reduce(Array, 'rest_preload_ap...', Array)
#19 C:\xampp\htdocs\mywordpress\wp-admin\edit-form-blocks.php(77): block_editor_rest_api_preload(Array, Object(WP_Block_Editor_Context))
#20 C:\xampp\htdocs\mywordpress\wp-admin\post.php(187): require('C:\\xampp\\htdocs...')
#21 {main}
  thrown in C:\xampp\htdocs\mywordpress\wp-content\themes\mywordpress\header.php on line 85

2023-04-26T12:39:46+00:00 CRITICAL Uncaught Error: Call to a member function get_cart_contents_count() on null in C:\xampp\htdocs\mywordpress\wp-content\themes\mywordpress\header.php:85
Stack trace:
#0 C:\xampp\htdocs\mywordpress\wp-includes\template.php(783): require_once()
#1 C:\xampp\htdocs\mywordpress\wp-includes\template.php(718): load_template('C:\\xampp\\htdocs...', true, Array)
#2 C:\xampp\htdocs\mywordpress\wp-includes\general-template.php(48): locate_template(Array, true, true, Array)
#3 C:\xampp\htdocs\mywordpress\wp-content\themes\mywordpress\wishlist.php(1): get_header()
#4 C:\xampp\htdocs\mywordpress\wp-content\plugins\yith-woocommerce-wishlist\includes\functions-yith-wcwl.php(170): include('C:\\xampp\\htdocs...')
#5 C:\xampp\htdocs\mywordpress\wp-content\plugins\yith-woocommerce-wishlist\includes\class-yith-wcwl-shortcode.php(623): yith_wcwl_get_template('wishlist.php', Array, true)
#6 C:\xampp\htdocs\mywordpress\wp-includes\shortcodes.php(355): YITH_WCWL_Shortcode::wishlist(Array, '', 'yith_wcwl_wishl...')
#7 [internal function]: do_shortcode_tag(Array)
#8 C:\xampp\htdocs\mywordpress\wp-includes\shortcodes.php(227): preg_replace_callback('/\\[(\\[?)(yith_w...', 'do_shortcode_ta...', '[yith_wcwl_wish...')
#9 C:\xampp\htdocs\mywordpress\wp-includes\class-wp-hook.php(308): do_shortcode('[yith_wcwl_wish...')
#10 C:\xampp\htdocs\mywordpress\wp-includes\plugin.php(205): WP_Hook->apply_filters('[yith_wcwl_wish...', Array)
#11 C:\xampp\htdocs\mywordpress\wp-includes\rest-api\endpoints\class-wp-rest-posts-controller.php(1860): apply_filters('the_content', '<!-- wp:shortco...')
#12 C:\xampp\htdocs\mywordpress\wp-includes\rest-api\endpoints\class-wp-rest-posts-controller.php(569): WP_REST_Posts_Controller->prepare_item_for_response(Object(WP_Post), Object(WP_REST_Request))
#13 C:\xampp\htdocs\mywordpress\wp-includes\rest-api\class-wp-rest-server.php(1181): WP_REST_Posts_Controller->get_item(Object(WP_REST_Request))
#14 C:\xampp\htdocs\mywordpress\wp-includes\rest-api\class-wp-rest-server.php(1028): WP_REST_Server->respond_to_request(Object(WP_REST_Request), '/wp/v2/pages/(?...', Array, NULL)
#15 C:\xampp\htdocs\mywordpress\wp-includes\rest-api.php(535): WP_REST_Server->dispatch(Object(WP_REST_Request))
#16 C:\xampp\htdocs\mywordpress\wp-includes\rest-api.php(2889): rest_do_request(Object(WP_REST_Request))
#17 [internal function]: rest_preload_api_request(Array, '/wp/v2/pages/18...')
#18 C:\xampp\htdocs\mywordpress\wp-includes\block-editor.php(631): array_reduce(Array, 'rest_preload_ap...', Array)
#19 C:\xampp\htdocs\mywordpress\wp-admin\edit-form-blocks.php(77): block_editor_rest_api_preload(Array, Object(WP_Block_Editor_Context))
#20 C:\xampp\htdocs\mywordpress\wp-admin\post.php(187): require('C:\\xampp\\htdocs...')
#21 {main}
  thrown in C:\xampp\htdocs\mywordpress\wp-content\themes\mywordpress\header.php on line 85

