2023-05-20T09:45:29+00:00 CRITICAL syntax error, unexpected end of file in C:\xampp\htdocs\mywordpress\wp-content\themes\mywordpress\men.php on line 248

2023-05-20T09:46:14+00:00 CRITICAL syntax error, unexpected end of file in C:\xampp\htdocs\mywordpress\wp-content\themes\mywordpress\men.php on line 249

2023-05-20T11:47:34+00:00 CRITICAL Uncaught Error: Call to a member function have_posts() on null in C:\xampp\htdocs\mywordpress\wp-content\themes\mywordpress\store.php:22
Stack trace:
#0 C:\xampp\htdocs\mywordpress\wp-includes\template-loader.php(106): include()
#1 C:\xampp\htdocs\mywordpress\wp-blog-header.php(19): require_once('C:\\xampp\\htdocs...')
#2 C:\xampp\htdocs\mywordpress\index.php(17): require('C:\\xampp\\htdocs...')
#3 {main}
  thrown in C:\xampp\htdocs\mywordpress\wp-content\themes\mywordpress\store.php on line 22

2023-05-20T11:49:05+00:00 CRITICAL Uncaught Error: Call to a member function have_posts() on null in C:\xampp\htdocs\mywordpress\wp-content\themes\mywordpress\store.php:22
Stack trace:
#0 C:\xampp\htdocs\mywordpress\wp-includes\template-loader.php(106): include()
#1 C:\xampp\htdocs\mywordpress\wp-blog-header.php(19): require_once('C:\\xampp\\htdocs...')
#2 C:\xampp\htdocs\mywordpress\index.php(17): require('C:\\xampp\\htdocs...')
#3 {main}
  thrown in C:\xampp\htdocs\mywordpress\wp-content\themes\mywordpress\store.php on line 22

2023-05-20T11:52:56+00:00 CRITICAL Uncaught Error: Call to a member function have_posts() on null in C:\xampp\htdocs\mywordpress\wp-content\themes\mywordpress\store.php:22
Stack trace:
#0 C:\xampp\htdocs\mywordpress\wp-includes\template-loader.php(106): include()
#1 C:\xampp\htdocs\mywordpress\wp-blog-header.php(19): require_once('C:\\xampp\\htdocs...')
#2 C:\xampp\htdocs\mywordpress\index.php(17): require('C:\\xampp\\htdocs...')
#3 {main}
  thrown in C:\xampp\htdocs\mywordpress\wp-content\themes\mywordpress\store.php on line 22

2023-05-20T11:56:41+00:00 CRITICAL Uncaught TypeError: array_merge(): Argument #1 must be of type array, null given in C:\xampp\htdocs\mywordpress\wp-content\themes\mywordpress\store.php:23
Stack trace:
#0 C:\xampp\htdocs\mywordpress\wp-content\themes\mywordpress\store.php(23): array_merge(NULL, NULL)
#1 C:\xampp\htdocs\mywordpress\wp-includes\template-loader.php(106): include('C:\\xampp\\htdocs...')
#2 C:\xampp\htdocs\mywordpress\wp-blog-header.php(19): require_once('C:\\xampp\\htdocs...')
#3 C:\xampp\htdocs\mywordpress\index.php(17): require('C:\\xampp\\htdocs...')
#4 {main}
  thrown in C:\xampp\htdocs\mywordpress\wp-content\themes\mywordpress\store.php on line 23

