2023-06-03T09:42:32+00:00 CRITICAL Uncaught Error: Call to undefined function ImageCreate() in C:\xampp\htdocs\mywordpress\wp-content\plugins\thanh-toan-quet-ma-qr-momozalo-paymoca-grab-airpay\public\includes\phpqrcode\qrimage.php:74
Stack trace:
#0 C:\xampp\htdocs\mywordpress\wp-content\plugins\thanh-toan-quet-ma-qr-momozalo-paymoca-grab-airpay\public\includes\phpqrcode\qrimage.php(32): QRimage::image(Array, 10, 4)
#1 C:\xampp\htdocs\mywordpress\wp-content\plugins\thanh-toan-quet-ma-qr-momozalo-paymoca-grab-airpay\public\includes\phpqrcode\qrencode.php(494): QRimage::png(Array, false, 10, 4, false)
#2 C:\xampp\htdocs\mywordpress\wp-content\plugins\thanh-toan-quet-ma-qr-momozalo-paymoca-grab-airpay\public\includes\phpqrcode\qrencode.php(286): QRencode->encodePNG('2|99|0972101281...', false, false)
#3 C:\xampp\htdocs\mywordpress\wp-content\plugins\thanh-toan-quet-ma-qr-momozalo-paymoca-grab-airpay\public\class-mc-quetma-public.php(147): QRcode::png('2|99|0972101281...', false, 2, 10)
#4 C:\xampp\htdocs\mywordpress\wp-includes\rest-api\class-wp-rest-server.php(1181): Mc_Quetma_Public->show_qr(Object(WP_REST_Request))
#5 C:\xampp\htdocs\mywordpress\wp-includes\rest-api\class-wp-rest-server.php(1028): WP_REST_Server->respond_to_request(Object(WP_REST_Request), '/plugin-quet-ma...', Array, NULL)
#6 C:\xampp\htdocs\mywordpress\wp-includes\rest-api\class-wp-rest-server.php(442): WP_REST_Server->dispatch(Object(WP_REST_Request))
#7 C:\xampp\htdocs\mywordpress\wp-includes\rest-api.php(410): WP_REST_Server->serve_request('/plugin-quet-ma...')
#8 C:\xampp\htdocs\mywordpress\wp-includes\class-wp-hook.php(308): rest_api_loaded(Object(WP))
#9 C:\xampp\htdocs\mywordpress\wp-includes\class-wp-hook.php(332): WP_Hook->apply_filters(NULL, Array)
#10 C:\xampp\htdocs\mywordpress\wp-includes\plugin.php(565): WP_Hook->do_action(Array)
#11 C:\xampp\htdocs\mywordpress\wp-includes\class-wp.php(399): do_action_ref_array('parse_request', Array)
#12 C:\xampp\htdocs\mywordpress\wp-includes\class-wp.php(780): WP->parse_request('')
#13 C:\xampp\htdocs\mywordpress\wp-includes\functions.php(1334): WP->main('')
#14 C:\xampp\htdocs\mywordpress\wp-blog-header.php(16): wp()
#15 C:\xampp\htdocs\mywordpress\index.php(17): require('C:\\xampp\\htdocs...')
#16 {main}
  thrown in C:\xampp\htdocs\mywordpress\wp-content\plugins\thanh-toan-quet-ma-qr-momozalo-paymoca-grab-airpay\public\includes\phpqrcode\qrimage.php on line 74

2023-06-03T09:55:07+00:00 CRITICAL Uncaught Error: Call to undefined function ImageCreate() in C:\xampp\htdocs\mywordpress\wp-content\plugins\thanh-toan-quet-ma-qr-momozalo-paymoca-grab-airpay\public\includes\phpqrcode\qrimage.php:74
Stack trace:
#0 C:\xampp\htdocs\mywordpress\wp-content\plugins\thanh-toan-quet-ma-qr-momozalo-paymoca-grab-airpay\public\includes\phpqrcode\qrimage.php(32): QRimage::image(Array, 10, 4)
#1 C:\xampp\htdocs\mywordpress\wp-content\plugins\thanh-toan-quet-ma-qr-momozalo-paymoca-grab-airpay\public\includes\phpqrcode\qrencode.php(494): QRimage::png(Array, false, 10, 4, false)
#2 C:\xampp\htdocs\mywordpress\wp-content\plugins\thanh-toan-quet-ma-qr-momozalo-paymoca-grab-airpay\public\includes\phpqrcode\qrencode.php(286): QRencode->encodePNG('2|99|0972101281...', false, false)
#3 C:\xampp\htdocs\mywordpress\wp-content\plugins\thanh-toan-quet-ma-qr-momozalo-paymoca-grab-airpay\public\class-mc-quetma-public.php(147): QRcode::png('2|99|0972101281...', false, 2, 10)
#4 C:\xampp\htdocs\mywordpress\wp-includes\rest-api\class-wp-rest-server.php(1181): Mc_Quetma_Public->show_qr(Object(WP_REST_Request))
#5 C:\xampp\htdocs\mywordpress\wp-includes\rest-api\class-wp-rest-server.php(1028): WP_REST_Server->respond_to_request(Object(WP_REST_Request), '/plugin-quet-ma...', Array, NULL)
#6 C:\xampp\htdocs\mywordpress\wp-includes\rest-api\class-wp-rest-server.php(442): WP_REST_Server->dispatch(Object(WP_REST_Request))
#7 C:\xampp\htdocs\mywordpress\wp-includes\rest-api.php(410): WP_REST_Server->serve_request('/plugin-quet-ma...')
#8 C:\xampp\htdocs\mywordpress\wp-includes\class-wp-hook.php(308): rest_api_loaded(Object(WP))
#9 C:\xampp\htdocs\mywordpress\wp-includes\class-wp-hook.php(332): WP_Hook->apply_filters(NULL, Array)
#10 C:\xampp\htdocs\mywordpress\wp-includes\plugin.php(565): WP_Hook->do_action(Array)
#11 C:\xampp\htdocs\mywordpress\wp-includes\class-wp.php(399): do_action_ref_array('parse_request', Array)
#12 C:\xampp\htdocs\mywordpress\wp-includes\class-wp.php(780): WP->parse_request('')
#13 C:\xampp\htdocs\mywordpress\wp-includes\functions.php(1334): WP->main('')
#14 C:\xampp\htdocs\mywordpress\wp-blog-header.php(16): wp()
#15 C:\xampp\htdocs\mywordpress\index.php(17): require('C:\\xampp\\htdocs...')
#16 {main}
  thrown in C:\xampp\htdocs\mywordpress\wp-content\plugins\thanh-toan-quet-ma-qr-momozalo-paymoca-grab-airpay\public\includes\phpqrcode\qrimage.php on line 74

2023-06-03T13:43:08+00:00 CRITICAL Uncaught Error: Call to undefined function ImageCreate() in C:\xampp\htdocs\mywordpress\wp-content\plugins\thanh-toan-quet-ma-qr-momozalo-paymoca-grab-airpay\public\includes\phpqrcode\qrimage.php:74
Stack trace:
#0 C:\xampp\htdocs\mywordpress\wp-content\plugins\thanh-toan-quet-ma-qr-momozalo-paymoca-grab-airpay\public\includes\phpqrcode\qrimage.php(32): QRimage::image(Array, 10, 4)
#1 C:\xampp\htdocs\mywordpress\wp-content\plugins\thanh-toan-quet-ma-qr-momozalo-paymoca-grab-airpay\public\includes\phpqrcode\qrencode.php(494): QRimage::png(Array, false, 10, 4, false)
#2 C:\xampp\htdocs\mywordpress\wp-content\plugins\thanh-toan-quet-ma-qr-momozalo-paymoca-grab-airpay\public\includes\phpqrcode\qrencode.php(286): QRencode->encodePNG('2|99|0972101281...', false, false)
#3 C:\xampp\htdocs\mywordpress\wp-content\plugins\thanh-toan-quet-ma-qr-momozalo-paymoca-grab-airpay\public\class-mc-quetma-public.php(147): QRcode::png('2|99|0972101281...', false, 2, 10)
#4 C:\xampp\htdocs\mywordpress\wp-includes\rest-api\class-wp-rest-server.php(1181): Mc_Quetma_Public->show_qr(Object(WP_REST_Request))
#5 C:\xampp\htdocs\mywordpress\wp-includes\rest-api\class-wp-rest-server.php(1028): WP_REST_Server->respond_to_request(Object(WP_REST_Request), '/plugin-quet-ma...', Array, NULL)
#6 C:\xampp\htdocs\mywordpress\wp-includes\rest-api\class-wp-rest-server.php(442): WP_REST_Server->dispatch(Object(WP_REST_Request))
#7 C:\xampp\htdocs\mywordpress\wp-includes\rest-api.php(410): WP_REST_Server->serve_request('/plugin-quet-ma...')
#8 C:\xampp\htdocs\mywordpress\wp-includes\class-wp-hook.php(308): rest_api_loaded(Object(WP))
#9 C:\xampp\htdocs\mywordpress\wp-includes\class-wp-hook.php(332): WP_Hook->apply_filters(NULL, Array)
#10 C:\xampp\htdocs\mywordpress\wp-includes\plugin.php(565): WP_Hook->do_action(Array)
#11 C:\xampp\htdocs\mywordpress\wp-includes\class-wp.php(399): do_action_ref_array('parse_request', Array)
#12 C:\xampp\htdocs\mywordpress\wp-includes\class-wp.php(780): WP->parse_request('')
#13 C:\xampp\htdocs\mywordpress\wp-includes\functions.php(1334): WP->main('')
#14 C:\xampp\htdocs\mywordpress\wp-blog-header.php(16): wp()
#15 C:\xampp\htdocs\mywordpress\index.php(17): require('C:\\xampp\\htdocs...')
#16 {main}
  thrown in C:\xampp\htdocs\mywordpress\wp-content\plugins\thanh-toan-quet-ma-qr-momozalo-paymoca-grab-airpay\public\includes\phpqrcode\qrimage.php on line 74

2023-06-03T14:14:18+00:00 CRITICAL Uncaught Error: Call to undefined function ImageCreate() in C:\xampp\htdocs\mywordpress\wp-content\plugins\thanh-toan-quet-ma-qr-momozalo-paymoca-grab-airpay\public\includes\phpqrcode\qrimage.php:74
Stack trace:
#0 C:\xampp\htdocs\mywordpress\wp-content\plugins\thanh-toan-quet-ma-qr-momozalo-paymoca-grab-airpay\public\includes\phpqrcode\qrimage.php(32): QRimage::image(Array, 10, 4)
#1 C:\xampp\htdocs\mywordpress\wp-content\plugins\thanh-toan-quet-ma-qr-momozalo-paymoca-grab-airpay\public\includes\phpqrcode\qrencode.php(494): QRimage::png(Array, false, 10, 4, false)
#2 C:\xampp\htdocs\mywordpress\wp-content\plugins\thanh-toan-quet-ma-qr-momozalo-paymoca-grab-airpay\public\includes\phpqrcode\qrencode.php(286): QRencode->encodePNG('2|99|0972101281...', false, false)
#3 C:\xampp\htdocs\mywordpress\wp-content\plugins\thanh-toan-quet-ma-qr-momozalo-paymoca-grab-airpay\public\class-mc-quetma-public.php(147): QRcode::png('2|99|0972101281...', false, 2, 10)
#4 C:\xampp\htdocs\mywordpress\wp-includes\rest-api\class-wp-rest-server.php(1181): Mc_Quetma_Public->show_qr(Object(WP_REST_Request))
#5 C:\xampp\htdocs\mywordpress\wp-includes\rest-api\class-wp-rest-server.php(1028): WP_REST_Server->respond_to_request(Object(WP_REST_Request), '/plugin-quet-ma...', Array, NULL)
#6 C:\xampp\htdocs\mywordpress\wp-includes\rest-api\class-wp-rest-server.php(442): WP_REST_Server->dispatch(Object(WP_REST_Request))
#7 C:\xampp\htdocs\mywordpress\wp-includes\rest-api.php(410): WP_REST_Server->serve_request('/plugin-quet-ma...')
#8 C:\xampp\htdocs\mywordpress\wp-includes\class-wp-hook.php(308): rest_api_loaded(Object(WP))
#9 C:\xampp\htdocs\mywordpress\wp-includes\class-wp-hook.php(332): WP_Hook->apply_filters(NULL, Array)
#10 C:\xampp\htdocs\mywordpress\wp-includes\plugin.php(565): WP_Hook->do_action(Array)
#11 C:\xampp\htdocs\mywordpress\wp-includes\class-wp.php(399): do_action_ref_array('parse_request', Array)
#12 C:\xampp\htdocs\mywordpress\wp-includes\class-wp.php(780): WP->parse_request('')
#13 C:\xampp\htdocs\mywordpress\wp-includes\functions.php(1334): WP->main('')
#14 C:\xampp\htdocs\mywordpress\wp-blog-header.php(16): wp()
#15 C:\xampp\htdocs\mywordpress\index.php(17): require('C:\\xampp\\htdocs...')
#16 {main}
  thrown in C:\xampp\htdocs\mywordpress\wp-content\plugins\thanh-toan-quet-ma-qr-momozalo-paymoca-grab-airpay\public\includes\phpqrcode\qrimage.php on line 74

