2023-05-06T04:38:58+00:00 CRITICAL Uncaught Error: Call to a member function get_average_rating() on string in C:\xampp\htdocs\mywordpress\wp-content\themes\mywordpress\woocommerce\content-single-product.php:40
Stack trace:
#0 C:\xampp\htdocs\mywordpress\wp-includes\template.php(785): require()
#1 C:\xampp\htdocs\mywordpress\wp-content\plugins\woocommerce\includes\wc-core-functions.php(284): load_template('C:\\xampp\\htdocs...', false)
#2 C:\xampp\htdocs\mywordpress\wp-content\themes\mywordpress\woocommerce\single-product.php(37): wc_get_template_part('content', 'single-product')
#3 C:\xampp\htdocs\mywordpress\wp-includes\template-loader.php(106): include('C:\\xampp\\htdocs...')
#4 C:\xampp\htdocs\mywordpress\wp-blog-header.php(19): require_once('C:\\xampp\\htdocs...')
#5 C:\xampp\htdocs\mywordpress\index.php(17): require('C:\\xampp\\htdocs...')
#6 {main}
  thrown in C:\xampp\htdocs\mywordpress\wp-content\themes\mywordpress\woocommerce\content-single-product.php on line 40

2023-05-06T04:46:35+00:00 CRITICAL Uncaught Error: Call to undefined function wc_get_product_sku_display() in C:\xampp\htdocs\mywordpress\wp-content\themes\mywordpress\functions.php:94
Stack trace:
#0 C:\xampp\htdocs\mywordpress\wp-includes\class-wp-hook.php(308): move_sku_above_price('')
#1 C:\xampp\htdocs\mywordpress\wp-includes\class-wp-hook.php(332): WP_Hook->apply_filters(NULL, Array)
#2 C:\xampp\htdocs\mywordpress\wp-includes\plugin.php(517): WP_Hook->do_action(Array)
#3 C:\xampp\htdocs\mywordpress\wp-content\themes\mywordpress\woocommerce\content-single-product.php(61): do_action('woocommerce_sin...')
#4 C:\xampp\htdocs\mywordpress\wp-includes\template.php(785): require('C:\\xampp\\htdocs...')
#5 C:\xampp\htdocs\mywordpress\wp-content\plugins\woocommerce\includes\wc-core-functions.php(284): load_template('C:\\xampp\\htdocs...', false)
#6 C:\xampp\htdocs\mywordpress\wp-content\themes\mywordpress\woocommerce\single-product.php(38): wc_get_template_part('content', 'single-product')
#7 C:\xampp\htdocs\mywordpress\wp-includes\template-loader.php(106): include('C:\\xampp\\htdocs...')
#8 C:\xampp\htdocs\mywordpress\wp-blog-header.php(19): require_once('C:\\xampp\\htdocs...')
#9 C:\xampp\htdocs\mywordpress\index.php(17): require('C:\\xampp\\htdocs...')
#10 {main}
  thrown in C:\xampp\htdocs\mywordpress\wp-content\themes\mywordpress\functions.php on line 94

2023-05-06T05:12:52+00:00 CRITICAL syntax error, unexpected token "<", expecting "elseif" or "else" or "endif" in C:\xampp\htdocs\mywordpress\wp-content\themes\mywordpress\woocommerce\single-product\rating.php on line 47

2023-05-06T05:13:08+00:00 CRITICAL syntax error, unexpected token "<", expecting "elseif" or "else" or "endif" in C:\xampp\htdocs\mywordpress\wp-content\themes\mywordpress\woocommerce\single-product\rating.php on line 47

2023-05-06T05:22:54+00:00 CRITICAL syntax error, unexpected token "endif", expecting end of file in C:\xampp\htdocs\mywordpress\wp-content\themes\mywordpress\woocommerce\single-product\rating.php on line 66

2023-05-06T06:38:25+00:00 CRITICAL syntax error, unexpected token "endif", expecting end of file in C:\xampp\htdocs\mywordpress\wp-content\themes\mywordpress\woocommerce\single-product\rating.php on line 66

2023-05-06T08:47:49+00:00 CRITICAL syntax error, unexpected token "<", expecting end of file in C:\xampp\htdocs\mywordpress\wp-content\themes\mywordpress\woocommerce\single-product\add-to-cart\simple.php on line 28

