2023-04-23T18:33:58+00:00 DEBUG POST: https://business-api.tiktok.com/open_api/v1.2/tbp/business_profile/disconnect/

{"external_business_id":false,"business_platform":"WOO_COMMERCE","is_setup_page":0,"app_id":false}
 ajax: no
2023-04-23T18:33:59+00:00 DEBUG Tt4b_Mapi_Class::mapi_post: Response: 

HTTP/1.1 200 OK
Server: nginx
Content-Type: application/json; charset=utf-8
Content-Length: 103
X-Api-Deprecation-Info: API for Business Version 1.3 is now live. To avoid disruption to your business, we recommend you migrate all calls to v1.3 as soon as possible. Please visit our migration guide for more details: https://ads.tiktok.com/marketing_api/docs?id=1740029169927169
X-Domain-Change-Info: We have moved to the new domain business-api.tiktok.com for API services after the Platform Upgrade on 09/30/2021. Please update all of your requests with the new domain if you haven't done so already. For more information, please visit https://ads.tiktok.com/marketing_api/docs?rid=esb88xalm6m&id=1709207085043713
X-Tt-Logid: 20230423183358627272E89028E5042555
x-tt-trace-host: 013648591f02c48ef42d4708a827eafaed170e4d7d2066b7cfeb447cb944f98b1e74716f1b2a07c856c4b0ce98ac8a2a9ddd08ef611f17a2f39ae43795256fed6098553eec0583a5a8bbe3a49ef057aa5db85099bfbe4121d3eba977b0760d1a010b194ed54f7bf7fc5ed16fad0d4e7428
X-Origin-Response-Time: 13,23.52.40.71
X-Akamai-Request-ID: 32e8ff54.4490a31e
Expires: Sun, 23 Apr 2023 18:33:59 GMT
Cache-Control: max-age=0, no-cache, no-store
Pragma: no-cache
Date: Sun, 23 Apr 2023 18:33:59 GMT
X-Cache: TCP_MISS from a113-171-10-148.deploy.akamaitechnologies.com (AkamaiGHost/11.0.3-47547230) (-)
Connection: close
X-Cache-Remote: TCP_MISS from a23-52-40-71.deploy.akamaitechnologies.com (AkamaiGHost/11.0.3-47547230) (-)
x-tt-trace-tag: id=16;cdn-cache=miss;type=dyn
Server-Timing: cdn-cache; desc=MISS, edge; dur=60, origin; dur=12
Server-Timing: inner; dur=7
X-Parent-Response-Time: 69,113.171.10.148

{"code":40104,"message":"The access_token is empty.","request_id":"20230423183358627272E89028E5042555"}

2023-04-23T18:33:59+00:00 DEBUG POST: https://business-api.tiktok.com/tbp/v2.0/shop/connection/disconnect?external_data=

--- EMPTY STRING ---
 ajax: no
2023-04-23T18:33:59+00:00 DEBUG Tt4b_Mapi_Class::tts_shop_disconnect: Response: 

HTTP/1.1 200 OK
Server: nginx
Content-Type: application/json; charset=utf-8
Content-Length: 95
X-Api-Deprecation-Info: API for Business Version 1.3 is now live. To avoid disruption to your business, we recommend you migrate all calls to v1.3 as soon as possible. Please visit our migration guide for more details: https://ads.tiktok.com/marketing_api/docs?id=1740029169927169
X-Domain-Change-Info: We have moved to the new domain business-api.tiktok.com for API services after the Platform Upgrade on 09/30/2021. Please update all of your requests with the new domain if you haven't done so already. For more information, please visit https://ads.tiktok.com/marketing_api/docs?rid=esb88xalm6m&id=1709207085043713
X-Tt-Logid: 202304231833585B3E787370DF1903A0CF
Server-Timing: inner; dur=11
x-tt-trace-host: 013648591f02c48ef42d4708a827eafaed3a1085920ddf608da853cd23094fac0de1435cbbd47eb84c499616c939c27e97855b9e0bbc0cfa388fb86951856030b87781664bd6057a4a4e7f4067783106e435ee38bf03ba2d7e82e7393e55dd8d0c
Expires: Sun, 23 Apr 2023 18:33:59 GMT
Cache-Control: max-age=0, no-cache, no-store
Pragma: no-cache
Date: Sun, 23 Apr 2023 18:33:59 GMT
X-Cache: TCP_MISS from a113-171-10-148.deploy.akamaitechnologies.com (AkamaiGHost/11.0.3-47547230) (-)
Connection: close
x-tt-trace-tag: id=16;cdn-cache=miss;type=dyn
Server-Timing: cdn-cache; desc=MISS, edge; dur=2, origin; dur=70
X-Origin-Response-Time: 71,113.171.10.148
X-Akamai-Request-ID: 4490a502

{"code":40001,"message":"Permission denied.","request_id":"202304231833585B3E787370DF1903A0CF"}

