[2023-05-11 06:12:59 : INFO] - Re_Smush_It_Task server status: Online 
[2023-05-11 06:13:01 : INFO] - 
 
[2023-05-11 06:13:01 : INFO] - Header for logs at time:  Thu, 11 May 2023 06:13:01 +0000 on http://mywordpress.vn 
[2023-05-11 06:13:01 : INFO] - WP: 6.2 
[2023-05-11 06:13:01 : INFO] - PHP: 8.1.17 (apache2handler, Windows NT DESKTOP-9HPM6UM 10.0 build 22621 (Windows 11) AMD64) 
[2023-05-11 06:13:01 : INFO] - MySQL: 10.4.28 
[2023-05-11 06:13:01 : INFO] - WPLANG: vi 
[2023-05-11 06:13:01 : INFO] - Server: Apache/2.4.56 (Win64) OpenSSL/1.1.1t PHP/8.1.17 
[2023-05-11 06:13:01 : INFO] - Outbound connections: N 
[2023-05-11 06:13:01 : INFO] - Disabled Functions:  
[2023-05-11 06:13:01 : INFO] - max_execution_time: 120 
[2023-05-11 06:13:01 : INFO] - memory_limit: 512M (used: 85.9M | 88M) 
[2023-05-11 06:13:01 : INFO] - multisite: N 
[2023-05-11 06:13:01 : INFO] - openssl: OpenSSL 1.1.1t  7 Feb 2023 
[2023-05-11 06:13:01 : INFO] - A total of 1 tasks of type smush found and will be processed in this iteration 
[2023-05-11 06:13:01 : DEBUG] - Lock option (updraft_lock_smush, wp_options) was created in the database 
[2023-05-11 06:13:01 : INFO] - Lock (updraft_lock_smush, wp_options) acquired after initialising the database 
[2023-05-11 06:13:01 : INFO] - Processing task with ID : 1, and type 'smush' 
[2023-05-11 06:13:01 : INFO] - Re_Smush_It_Task - Attachment ID : 135, Started on : May 11, 2023 06:13:01 
[2023-05-11 06:13:01 : INFO] - File: a01523c_a_107x1_1.jpg, Compression quality: 75 
[2023-05-11 06:13:03 : INFO] - Backing up the original image - 2023/04/a01523c_a_107x1_1-updraft-pre-smush-original.jpg 
[2023-05-11 06:13:03 : INFO] - There were no WebP conversion tools found on your server. 
[2023-05-11 06:13:03 : INFO] - Successfully optimized the image - C:\xampp\htdocs\mywordpress/wp-content/uploads/2023/04/a01523c_a_107x1_1.jpg.The file was compressed from 39.59 KB to 37.93 KB saving 4.2 percent using WP-Optimize 
[2023-05-11 06:13:03 : INFO] - Completed processing task with ID : 1, and type 'smush' 
[2023-05-11 06:13:03 : INFO] - Lock option (updraft_lock_smush, wp_options) released 
[2023-05-11 06:13:03 : INFO] - Successfully processed the queue (smush). 1 tasks were processed out of 1. 
[2023-05-11 06:13:03 : INFO] - Lock option (updraft_lock_smush, wp_options) was deleted from the database 
[2023-05-11 06:13:03 : INFO] - Cleaning up tasks of type (smush). A total of 1 tasks will be deleted. 
